<?xml version="1.0" encoding="UTF-8"?>
<testsuite xmlns:xsi="http://www.w3.org/2001/XMLSchema-instance" xsi:noNamespaceSchemaLocation="https://maven.apache.org/surefire/maven-surefire-plugin/xsd/surefire-test-report.xsd" name="cucucmber.options.TestRunner" time="3.918" tests="2" errors="0" skipped="0" failures="0">
  <properties>
[...]
</properties>
  <testcase name="Verify if place is being successfully added using AddplaceAPI" classname="Validating place API&apos;s" time="3.008"/>
  <testcase name="Verify if delete place functionality is working" classname="Validating place API&apos;s" time="0.465"/>
</testsuite>